{"numFailedTestSuites":0,"numFailedTests":0,"numPassedTestSuites":17,"numPassedTests":109,"numPendingTestSuites":0,"numPendingTests":7,"numRuntimeErrorTestSuites":0,"numTodoTests":0,"numTotalTestSuites":17,"numTotalTests":116,"openHandles":[],"snapshot":{"added":0,"didUpdate":false,"failure":false,"filesAdded":0,"filesRemoved":0,"filesRemovedList":[],"filesUnmatched":0,"filesUpdated":0,"matched":0,"total":0,"unchecked":0,"uncheckedKeysByFile":[],"unmatched":0,"updated":0},"startTime":1765795193298,"success":true,"testResults":[{"assertionResults":[{"ancestorTitles":["ShopCart API (real MySQL)"],"duration":309,"failureDetails":[],"failureMessages":[],"fullName":"ShopCart API (real MySQL) DB-SHOPCART-01: POST /api/add-shopcart adds item","invocations":1,"location":null,"numPassingAsserts":7,"retryReasons":[],"status":"passed","title":"DB-SHOPCART-01: POST /api/add-shopcart adds item"},{"ancestorTitles":["ShopCart API (real MySQL)"],"duration":179,"failureDetails":[],"failureMessages":[],"fullName":"ShopCart API (real MySQL) DB-SHOPCART-02: POST /api/add-shopcart missing quantity -> errCode=1","invocations":1,"location":null,"numPassingAsserts":9,"retryReasons":[],"status":"passed","title":"DB-SHOPCART-02: POST /api/add-shopcart missing quantity -> errCode=1"},{"ancestorTitles":["ShopCart API (real MySQL)"],"duration":235,"failureDetails":[],"failureMessages":[],"fullName":"ShopCart API (real MySQL) DB-SHOPCART-03: GET /api/get-all-shopcart-by-userId returns list","invocations":1,"location":null,"numPassingAsserts":9,"retryReasons":[],"status":"passed","title":"DB-SHOPCART-03: GET /api/get-all-shopcart-by-userId returns list"},{"ancestorTitles":["ShopCart API (real MySQL)"],"duration":218,"failureDetails":[],"failureMessages":[],"fullName":"ShopCart API (real MySQL) DB-SHOPCART-04: DELETE /api/delete-item-shopcart deletes item","invocations":1,"location":null,"numPassingAsserts":10,"retryReasons":[],"status":"passed","title":"DB-SHOPCART-04: DELETE /api/delete-item-shopcart deletes item"},{"ancestorTitles":["ShopCart API (real MySQL)"],"duration":173,"failureDetails":[],"failureMessages":[],"fullName":"ShopCart API (real MySQL) DB-SHOPCART-05: DELETE /api/delete-item-shopcart missing id -> errCode=1","invocations":1,"location":null,"numPassingAsserts":8,"retryReasons":[],"status":"passed","title":"DB-SHOPCART-05: DELETE /api/delete-item-shopcart missing id -> errCode=1"},{"ancestorTitles":["ShopCart API (real MySQL)"],"duration":222,"failureDetails":[],"failureMessages":[],"fullName":"ShopCart API (real MySQL) DB-SHOPCART-06: GET /api/get-product-shopcart returns products for cart","invocations":1,"location":null,"numPassingAsserts":9,"retryReasons":[],"status":"passed","title":"DB-SHOPCART-06: GET /api/get-product-shopcart returns products for cart"}],"endTime":1765795196723,"message":"","name":"D:\\Projects\\ktpm\\ecomAPI\\tests\\integration\\shopcart.mysql.int.test.js","startTime":1765795193356,"status":"passed","summary":""},{"assertionResults":[{"ancestorTitles":["Auth API (real MySQL)"],"duration":107,"failureDetails":[],"failureMessages":[],"fullName":"Auth API (real MySQL) TC28: Register success","invocations":1,"location":null,"numPassingAsserts":3,"retryReasons":[],"status":"passed","title":"TC28: Register success"},{"ancestorTitles":["Auth API (real MySQL)"],"duration":96,"failureDetails":[],"failureMessages":[],"fullName":"Auth API (real MySQL) TC29: Register duplicate email","invocations":1,"location":null,"numPassingAsserts":4,"retryReasons":[],"status":"passed","title":"TC29: Register duplicate email"},{"ancestorTitles":["Auth API (real MySQL)"],"duration":168,"failureDetails":[],"failureMessages":[],"fullName":"Auth API (real MySQL) TC32: Login success returns accessToken","invocations":1,"location":null,"numPassingAsserts":8,"retryReasons":[],"status":"passed","title":"TC32: Login success returns accessToken"},{"ancestorTitles":["Auth API (real MySQL)"],"duration":161,"failureDetails":[],"failureMessages":[],"fullName":"Auth API (real MySQL) TC33: Login wrong password","invocations":1,"location":null,"numPassingAsserts":2,"retryReasons":[],"status":"passed","title":"TC33: Login wrong password"},{"ancestorTitles":["Auth API (real MySQL)"],"duration":398,"failureDetails":[],"failureMessages":[],"fullName":"Auth API (real MySQL) TC34: Change password success","invocations":1,"location":null,"numPassingAsserts":10,"retryReasons":[],"status":"passed","title":"TC34: Change password success"}],"endTime":1765795198104,"message":"","name":"D:\\Projects\\ktpm\\ecomAPI\\tests\\integration\\auth.mysql.int.test.js","startTime":1765795196739,"status":"passed","summary":""},{"assertionResults":[{"ancestorTitles":["User/Profile API (real MySQL)"],"duration":219,"failureDetails":[],"failureMessages":[],"fullName":"User/Profile API (real MySQL) DB-USER-01: PUT /api/update-user updates profile (requires token)","invocations":1,"location":null,"numPassingAsserts":8,"retryReasons":[],"status":"passed","title":"DB-USER-01: PUT /api/update-user updates profile (requires token)"},{"ancestorTitles":["User/Profile API (real MySQL)"],"duration":173,"failureDetails":[],"failureMessages":[],"fullName":"User/Profile API (real MySQL) DB-USER-02: PUT /api/update-user missing id -> errCode=2","invocations":1,"location":null,"numPassingAsserts":6,"retryReasons":[],"status":"passed","title":"DB-USER-02: PUT /api/update-user missing id -> errCode=2"},{"ancestorTitles":["User/Profile API (real MySQL)"],"duration":181,"failureDetails":[],"failureMessages":[],"fullName":"User/Profile API (real MySQL) DB-USER-03: GET /api/get-detail-user-by-id returns created user","invocations":1,"location":null,"numPassingAsserts":9,"retryReasons":[],"status":"passed","title":"DB-USER-03: GET /api/get-detail-user-by-id returns created user"},{"ancestorTitles":["User/Profile API (real MySQL)"],"duration":4,"failureDetails":[],"failureMessages":[],"fullName":"User/Profile API (real MySQL) DB-USER-04: GET /api/get-detail-user-by-id missing id -> errCode=1","invocations":1,"location":null,"numPassingAsserts":2,"retryReasons":[],"status":"passed","title":"DB-USER-04: GET /api/get-detail-user-by-id missing id -> errCode=1"},{"ancestorTitles":["User/Profile API (real MySQL)"],"duration":99,"failureDetails":[],"failureMessages":[],"fullName":"User/Profile API (real MySQL) DB-USER-05: GET /api/get-detail-user-by-email returns created user","invocations":1,"location":null,"numPassingAsserts":6,"retryReasons":[],"status":"passed","title":"DB-USER-05: GET /api/get-detail-user-by-email returns created user"}],"endTime":1765795199282,"message":"","name":"D:\\Projects\\ktpm\\ecomAPI\\tests\\integration\\user.profile.mysql.int.test.js","startTime":1765795198118,"status":"passed","summary":""},{"assertionResults":[{"ancestorTitles":["Product/Admin API (real MySQL)"],"duration":361,"failureDetails":[],"failureMessages":[],"fullName":"Product/Admin API (real MySQL) DB-PRODUCT-ADMIN-01: Admin token can call GET /api/get-all-product-admin","invocations":1,"location":null,"numPassingAsserts":8,"retryReasons":[],"status":"passed","title":"DB-PRODUCT-ADMIN-01: Admin token can call GET /api/get-all-product-admin"},{"ancestorTitles":["Product/Admin API (real MySQL)"],"duration":190,"failureDetails":[],"failureMessages":[],"fullName":"Product/Admin API (real MySQL) DB-PRODUCT-ADMIN-02: Non-admin is blocked on GET /api/get-all-product-admin","invocations":1,"location":null,"numPassingAsserts":6,"retryReasons":[],"status":"passed","title":"DB-PRODUCT-ADMIN-02: Non-admin is blocked on GET /api/get-all-product-admin"}],"endTime":1765795200314,"message":"","name":"D:\\Projects\\ktpm\\ecomAPI\\tests\\integration\\product.admin.mysql.int.test.js","startTime":1765795199297,"status":"passed","summary":""},{"assertionResults":[{"ancestorTitles":["Product API (real MySQL)"],"duration":140,"failureDetails":[],"failureMessages":[],"fullName":"Product API (real MySQL) DB-PRODUCT-01: GET /api/get-all-product-user returns list","invocations":1,"location":null,"numPassingAsserts":4,"retryReasons":[],"status":"passed","title":"DB-PRODUCT-01: GET /api/get-all-product-user returns list"},{"ancestorTitles":["Product API (real MySQL)"],"duration":12,"failureDetails":[],"failureMessages":[],"fullName":"Product API (real MySQL) DB-PRODUCT-02: GET /api/get-all-product-user keyword filter returns array","invocations":1,"location":null,"numPassingAsserts":4,"retryReasons":[],"status":"passed","title":"DB-PRODUCT-02: GET /api/get-all-product-user keyword filter returns array"},{"ancestorTitles":["Product API (real MySQL)"],"duration":88,"failureDetails":[],"failureMessages":[],"fullName":"Product API (real MySQL) DB-PRODUCT-03: GET /api/get-product-new with limit returns list","invocations":1,"location":null,"numPassingAsserts":4,"retryReasons":[],"status":"passed","title":"DB-PRODUCT-03: GET /api/get-product-new with limit returns list"},{"ancestorTitles":["Product API (real MySQL)"],"duration":86,"failureDetails":[],"failureMessages":[],"fullName":"Product API (real MySQL) DB-PRODUCT-04: GET /api/get-product-feature with limit returns list","invocations":1,"location":null,"numPassingAsserts":4,"retryReasons":[],"status":"passed","title":"DB-PRODUCT-04: GET /api/get-product-feature with limit returns list"}],"endTime":1765795201106,"message":"","name":"D:\\Projects\\ktpm\\ecomAPI\\tests\\integration\\product.mysql.int.test.js","startTime":1765795200322,"status":"passed","summary":""},{"assertionResults":[{"ancestorTitles":["User/Admin API (real MySQL)"],"duration":220,"failureDetails":[],"failureMessages":[],"fullName":"User/Admin API (real MySQL) DB-ADMIN-01: Admin can call GET /api/get-all-user","invocations":1,"location":null,"numPassingAsserts":9,"retryReasons":[],"status":"passed","title":"DB-ADMIN-01: Admin can call GET /api/get-all-user"},{"ancestorTitles":["User/Admin API (real MySQL)"],"duration":189,"failureDetails":[],"failureMessages":[],"fullName":"User/Admin API (real MySQL) DB-ADMIN-02: Non-admin is blocked on GET /api/get-all-user","invocations":1,"location":null,"numPassingAsserts":6,"retryReasons":[],"status":"passed","title":"DB-ADMIN-02: Non-admin is blocked on GET /api/get-all-user"}],"endTime":1765795201976,"message":"","name":"D:\\Projects\\ktpm\\ecomAPI\\tests\\integration\\user.admin.mysql.int.test.js","startTime":1765795201119,"status":"passed","summary":""},{"assertionResults":[{"ancestorTitles":["Allcode API (real MySQL)"],"duration":12,"failureDetails":[],"failureMessages":[],"fullName":"Allcode API (real MySQL) DB-ALLCODE-01: GET /api/get-all-code with valid type returns list","invocations":1,"location":null,"numPassingAsserts":4,"retryReasons":[],"status":"passed","title":"DB-ALLCODE-01: GET /api/get-all-code with valid type returns list"},{"ancestorTitles":["Allcode API (real MySQL)"],"duration":4,"failureDetails":[],"failureMessages":[],"fullName":"Allcode API (real MySQL) DB-ALLCODE-02: GET /api/get-all-code missing type -> errCode=1","invocations":1,"location":null,"numPassingAsserts":2,"retryReasons":[],"status":"passed","title":"DB-ALLCODE-02: GET /api/get-all-code missing type -> errCode=1"},{"ancestorTitles":["Allcode API (real MySQL)"],"duration":10,"failureDetails":[],"failureMessages":[],"fullName":"Allcode API (real MySQL) DB-ALLCODE-03: GET /api/get-list-allcode returns data + count","invocations":1,"location":null,"numPassingAsserts":5,"retryReasons":[],"status":"passed","title":"DB-ALLCODE-03: GET /api/get-list-allcode returns data + count"}],"endTime":1765795202531,"message":"","name":"D:\\Projects\\ktpm\\ecomAPI\\tests\\integration\\allcode.mysql.int.test.js","startTime":1765795201989,"status":"passed","summary":""},{"assertionResults":[{"ancestorTitles":["Product/Detail API (real MySQL)"],"duration":54,"failureDetails":[],"failureMessages":[],"fullName":"Product/Detail API (real MySQL) DB-PRODUCT-DETAIL-01: GET /api/get-detail-product-by-id returns product","invocations":1,"location":null,"numPassingAsserts":4,"retryReasons":[],"status":"passed","title":"DB-PRODUCT-DETAIL-01: GET /api/get-detail-product-by-id returns product"}],"endTime":1765795203000,"message":"","name":"D:\\Projects\\ktpm\\ecomAPI\\tests\\integration\\product.detail.mysql.int.test.js","startTime":1765795202543,"status":"passed","summary":""},{"assertionResults":[{"ancestorTitles":["API smoke"],"duration":13,"failureDetails":[],"failureMessages":[],"fullName":"API smoke responds to unknown routes with 404","invocations":1,"location":null,"numPassingAsserts":1,"retryReasons":[],"status":"passed","title":"responds to unknown routes with 404"},{"ancestorTitles":["API smoke"],"duration":4,"failureDetails":[],"failureMessages":[],"fullName":"API smoke sets CORS header","invocations":1,"location":null,"numPassingAsserts":1,"retryReasons":[],"status":"passed","title":"sets CORS header"}],"endTime":1765795203388,"message":"","name":"D:\\Projects\\ktpm\\ecomAPI\\tests\\api\\app.smoke.test.js","startTime":1765795203012,"status":"passed","summary":""},{"assertionResults":[{"ancestorTitles":["Auth Service - Password Hashing"],"duration":80,"failureDetails":[],"failureMessages":[],"fullName":"Auth Service - Password Hashing Should hash password correctly","invocations":1,"location":null,"numPassingAsserts":3,"retryReasons":[],"status":"passed","title":"Should hash password correctly"},{"ancestorTitles":["Auth Service - Password Hashing"],"duration":136,"failureDetails":[],"failureMessages":[],"fullName":"Auth Service - Password Hashing Should compare password correctly - match","invocations":1,"location":null,"numPassingAsserts":1,"retryReasons":[],"status":"passed","title":"Should compare password correctly - match"},{"ancestorTitles":["Auth Service - Password Hashing"],"duration":133,"failureDetails":[],"failureMessages":[],"fullName":"Auth Service - Password Hashing Should compare password correctly - no match","invocations":1,"location":null,"numPassingAsserts":1,"retryReasons":[],"status":"passed","title":"Should compare password correctly - no match"},{"ancestorTitles":["Auth Service - Email Validation"],"duration":1,"failureDetails":[],"failureMessages":[],"fullName":"Auth Service - Email Validation Should accept valid email","invocations":1,"location":null,"numPassingAsserts":3,"retryReasons":[],"status":"passed","title":"Should accept valid email"},{"ancestorTitles":["Auth Service - Email Validation"],"duration":0,"failureDetails":[],"failureMessages":[],"fullName":"Auth Service - Email Validation Should reject invalid email","invocations":1,"location":null,"numPassingAsserts":4,"retryReasons":[],"status":"passed","title":"Should reject invalid email"},{"ancestorTitles":["Auth Service - Password Validation"],"duration":0,"failureDetails":[],"failureMessages":[],"fullName":"Auth Service - Password Validation Should accept strong password","invocations":1,"location":null,"numPassingAsserts":3,"retryReasons":[],"status":"passed","title":"Should accept strong password"},{"ancestorTitles":["Auth Service - Password Validation"],"duration":0,"failureDetails":[],"failureMessages":[],"fullName":"Auth Service - Password Validation Should reject weak password","invocations":1,"location":null,"numPassingAsserts":3,"retryReasons":[],"status":"passed","title":"Should reject weak password"},{"ancestorTitles":["Auth Service - Password Validation"],"duration":0,"failureDetails":[],"failureMessages":[],"fullName":"Auth Service - Password Validation Should handle null/undefined password","invocations":1,"location":null,"numPassingAsserts":2,"retryReasons":[],"status":"passed","title":"Should handle null/undefined password"}],"endTime":1765795203812,"message":"","name":"D:\\Projects\\ktpm\\ecomAPI\\tests\\unit\\authService.test.js","startTime":1765795203404,"status":"passed","summary":""},{"assertionResults":[{"ancestorTitles":["API-Contract AuthZ (no DB)"],"duration":12,"failureDetails":[],"failureMessages":[],"fullName":"API-Contract AuthZ (no DB) TC35: POST /api/changepassword without token -> 401","invocations":1,"location":null,"numPassingAsserts":1,"retryReasons":[],"status":"passed","title":"TC35: POST /api/changepassword without token -> 401"},{"ancestorTitles":["API-Contract AuthZ (no DB)"],"duration":7,"failureDetails":[],"failureMessages":[],"fullName":"API-Contract AuthZ (no DB) TC51: GET /api/get-all-product-admin without token -> 401","invocations":1,"location":null,"numPassingAsserts":1,"retryReasons":[],"status":"passed","title":"TC51: GET /api/get-all-product-admin without token -> 401"},{"ancestorTitles":["API-Contract AuthZ (no DB)"],"duration":5,"failureDetails":[],"failureMessages":[],"fullName":"API-Contract AuthZ (no DB) TC51: GET /api/get-all-product-admin with invalid token -> 403","invocations":1,"location":null,"numPassingAsserts":1,"retryReasons":[],"status":"passed","title":"TC51: GET /api/get-all-product-admin with invalid token -> 403"},{"ancestorTitles":["API-Contract AuthZ (no DB)"],"duration":3,"failureDetails":[],"failureMessages":[],"fullName":"API-Contract AuthZ (no DB) TC54: POST /api/add-shopcart without token -> 401","invocations":1,"location":null,"numPassingAsserts":1,"retryReasons":[],"status":"passed","title":"TC54: POST /api/add-shopcart without token -> 401"},{"ancestorTitles":["API-Contract AuthZ (no DB)"],"duration":4,"failureDetails":[],"failureMessages":[],"fullName":"API-Contract AuthZ (no DB) TC59: DELETE /api/delete-item-shopcart without token -> 401","invocations":1,"location":null,"numPassingAsserts":1,"retryReasons":[],"status":"passed","title":"TC59: DELETE /api/delete-item-shopcart without token -> 401"},{"ancestorTitles":["API-Contract AuthZ (no DB)"],"duration":4,"failureDetails":[],"failureMessages":[],"fullName":"API-Contract AuthZ (no DB) TC62: POST /api/create-new-order without token -> 401","invocations":1,"location":null,"numPassingAsserts":1,"retryReasons":[],"status":"passed","title":"TC62: POST /api/create-new-order without token -> 401"},{"ancestorTitles":["API-Contract AuthZ (no DB)"],"duration":5,"failureDetails":[],"failureMessages":[],"fullName":"API-Contract AuthZ (no DB) Voucher group: GET /api/get-voucher-store without token -> 401","invocations":1,"location":null,"numPassingAsserts":1,"retryReasons":[],"status":"passed","title":"Voucher group: GET /api/get-voucher-store without token -> 401"},{"ancestorTitles":["API-Contract AuthZ (no DB)"],"duration":4,"failureDetails":[],"failureMessages":[],"fullName":"API-Contract AuthZ (no DB) Non-functional/AuthZ: GET /api/get-all-user without token -> 401","invocations":1,"location":null,"numPassingAsserts":1,"retryReasons":[],"status":"passed","title":"Non-functional/AuthZ: GET /api/get-all-user without token -> 401"}],"endTime":1765795204257,"message":"","name":"D:\\Projects\\ktpm\\ecomAPI\\tests\\api\\authz.contract.test.js","startTime":1765795203826,"status":"passed","summary":""},{"assertionResults":[{"ancestorTitles":["API-Contract Product (mock controller, no DB)"],"duration":8,"failureDetails":[],"failureMessages":[],"fullName":"API-Contract Product (mock controller, no DB) TC40: GET /api/get-all-product-user -> 200","invocations":1,"location":null,"numPassingAsserts":2,"retryReasons":[],"status":"passed","title":"TC40: GET /api/get-all-product-user -> 200"},{"ancestorTitles":["API-Contract Product (mock controller, no DB)"],"duration":6,"failureDetails":[],"failureMessages":[],"fullName":"API-Contract Product (mock controller, no DB) TC41: GET /api/get-detail-product-by-id with valid id -> 200","invocations":1,"location":null,"numPassingAsserts":1,"retryReasons":[],"status":"passed","title":"TC41: GET /api/get-detail-product-by-id with valid id -> 200"},{"ancestorTitles":["API-Contract Product (mock controller, no DB)"],"duration":5,"failureDetails":[],"failureMessages":[],"fullName":"API-Contract Product (mock controller, no DB) TC42: GET /api/get-detail-product-by-id with non-existent id -> 404","invocations":1,"location":null,"numPassingAsserts":1,"retryReasons":[],"status":"passed","title":"TC42: GET /api/get-detail-product-by-id with non-existent id -> 404"},{"ancestorTitles":["API-Contract Product (mock controller, no DB)"],"duration":null,"failureDetails":[],"failureMessages":[],"fullName":"API-Contract Product (mock controller, no DB) TC43: GET /api/get-product-new -> 200","invocations":1,"location":null,"numPassingAsserts":0,"retryReasons":[],"status":"pending","title":"TC43: GET /api/get-product-new -> 200"},{"ancestorTitles":["API-Contract Product (mock controller, no DB)"],"duration":null,"failureDetails":[],"failureMessages":[],"fullName":"API-Contract Product (mock controller, no DB) TC44: GET /api/get-product-feature -> 200","invocations":1,"location":null,"numPassingAsserts":0,"retryReasons":[],"status":"pending","title":"TC44: GET /api/get-product-feature -> 200"}],"endTime":1765795204684,"message":"","name":"D:\\Projects\\ktpm\\ecomAPI\\tests\\api\\product.contract.test.js","startTime":1765795204272,"status":"focused","summary":""},{"assertionResults":[{"ancestorTitles":["API-Contract Cart/Order/Voucher (mock controllers, no DB)"],"duration":null,"failureDetails":[],"failureMessages":[],"fullName":"API-Contract Cart/Order/Voucher (mock controllers, no DB) TC52: POST /api/add-shopcart with token -> 200","invocations":1,"location":null,"numPassingAsserts":0,"retryReasons":[],"status":"pending","title":"TC52: POST /api/add-shopcart with token -> 200"},{"ancestorTitles":["API-Contract Cart/Order/Voucher (mock controllers, no DB)"],"duration":null,"failureDetails":[],"failureMessages":[],"fullName":"API-Contract Cart/Order/Voucher (mock controllers, no DB) TC53: POST /api/add-shopcart quantity=0 -> 4xx","invocations":1,"location":null,"numPassingAsserts":0,"retryReasons":[],"status":"pending","title":"TC53: POST /api/add-shopcart quantity=0 -> 4xx"},{"ancestorTitles":["API-Contract Cart/Order/Voucher (mock controllers, no DB)"],"duration":null,"failureDetails":[],"failureMessages":[],"fullName":"API-Contract Cart/Order/Voucher (mock controllers, no DB) TC55: GET /api/get-all-shopcart-by-userId with token -> 200","invocations":1,"location":null,"numPassingAsserts":0,"retryReasons":[],"status":"pending","title":"TC55: GET /api/get-all-shopcart-by-userId with token -> 200"},{"ancestorTitles":["API-Contract Cart/Order/Voucher (mock controllers, no DB)"],"duration":null,"failureDetails":[],"failureMessages":[],"fullName":"API-Contract Cart/Order/Voucher (mock controllers, no DB) TC57: DELETE /api/delete-item-shopcart with token -> 200","invocations":1,"location":null,"numPassingAsserts":0,"retryReasons":[],"status":"pending","title":"TC57: DELETE /api/delete-item-shopcart with token -> 200"},{"ancestorTitles":["API-Contract Cart/Order/Voucher (mock controllers, no DB)"],"duration":null,"failureDetails":[],"failureMessages":[],"fullName":"API-Contract Cart/Order/Voucher (mock controllers, no DB) TC58: DELETE /api/delete-item-shopcart itemId not found -> 404/4xx","invocations":1,"location":null,"numPassingAsserts":0,"retryReasons":[],"status":"pending","title":"TC58: DELETE /api/delete-item-shopcart itemId not found -> 404/4xx"},{"ancestorTitles":["API-Contract Cart/Order/Voucher (mock controllers, no DB)"],"duration":15,"failureDetails":[],"failureMessages":[],"fullName":"API-Contract Cart/Order/Voucher (mock controllers, no DB) TC60: POST /api/create-new-order with token -> 201/200","invocations":1,"location":null,"numPassingAsserts":1,"retryReasons":[],"status":"passed","title":"TC60: POST /api/create-new-order with token -> 201/200"},{"ancestorTitles":["API-Contract Cart/Order/Voucher (mock controllers, no DB)"],"duration":6,"failureDetails":[],"failureMessages":[],"fullName":"API-Contract Cart/Order/Voucher (mock controllers, no DB) TC61: POST /api/create-new-order with empty items -> 4xx","invocations":1,"location":null,"numPassingAsserts":2,"retryReasons":[],"status":"passed","title":"TC61: POST /api/create-new-order with empty items -> 4xx"},{"ancestorTitles":["API-Contract Cart/Order/Voucher (mock controllers, no DB)"],"duration":7,"failureDetails":[],"failureMessages":[],"fullName":"API-Contract Cart/Order/Voucher (mock controllers, no DB) TC63: GET /api/get-all-order-by-user with token -> 200","invocations":1,"location":null,"numPassingAsserts":1,"retryReasons":[],"status":"passed","title":"TC63: GET /api/get-all-order-by-user with token -> 200"},{"ancestorTitles":["API-Contract Cart/Order/Voucher (mock controllers, no DB)"],"duration":4,"failureDetails":[],"failureMessages":[],"fullName":"API-Contract Cart/Order/Voucher (mock controllers, no DB) TC64: GET /api/get-detail-order -> 200","invocations":1,"location":null,"numPassingAsserts":1,"retryReasons":[],"status":"passed","title":"TC64: GET /api/get-detail-order -> 200"},{"ancestorTitles":["API-Contract Cart/Order/Voucher (mock controllers, no DB)"],"duration":3,"failureDetails":[],"failureMessages":[],"fullName":"API-Contract Cart/Order/Voucher (mock controllers, no DB) TC65: GET /api/get-detail-order orderId not found -> 404/4xx","invocations":1,"location":null,"numPassingAsserts":2,"retryReasons":[],"status":"passed","title":"TC65: GET /api/get-detail-order orderId not found -> 404/4xx"},{"ancestorTitles":["API-Contract Cart/Order/Voucher (mock controllers, no DB)"],"duration":5,"failureDetails":[],"failureMessages":[],"fullName":"API-Contract Cart/Order/Voucher (mock controllers, no DB) TC66: PUT /api/update-status-order with token -> 200","invocations":1,"location":null,"numPassingAsserts":1,"retryReasons":[],"status":"passed","title":"TC66: PUT /api/update-status-order with token -> 200"},{"ancestorTitles":["API-Contract Cart/Order/Voucher (mock controllers, no DB)"],"duration":4,"failureDetails":[],"failureMessages":[],"fullName":"API-Contract Cart/Order/Voucher (mock controllers, no DB) TC67: PUT /api/update-status-order invalid status -> 4xx","invocations":1,"location":null,"numPassingAsserts":2,"retryReasons":[],"status":"passed","title":"TC67: PUT /api/update-status-order invalid status -> 4xx"},{"ancestorTitles":["API-Contract Cart/Order/Voucher (mock controllers, no DB)"],"duration":4,"failureDetails":[],"failureMessages":[],"fullName":"API-Contract Cart/Order/Voucher (mock controllers, no DB) TC69: POST /api/payment-order with token -> 200","invocations":1,"location":null,"numPassingAsserts":1,"retryReasons":[],"status":"passed","title":"TC69: POST /api/payment-order with token -> 200"},{"ancestorTitles":["API-Contract Cart/Order/Voucher (mock controllers, no DB)"],"duration":11,"failureDetails":[],"failureMessages":[],"fullName":"API-Contract Cart/Order/Voucher (mock controllers, no DB) TC70: POST /api/payment-order-success with token -> 200","invocations":1,"location":null,"numPassingAsserts":1,"retryReasons":[],"status":"passed","title":"TC70: POST /api/payment-order-success with token -> 200"},{"ancestorTitles":["API-Contract Cart/Order/Voucher (mock controllers, no DB)"],"duration":4,"failureDetails":[],"failureMessages":[],"fullName":"API-Contract Cart/Order/Voucher (mock controllers, no DB) TC71: POST /api/payment-order-vnpay with token -> 200","invocations":1,"location":null,"numPassingAsserts":1,"retryReasons":[],"status":"passed","title":"TC71: POST /api/payment-order-vnpay with token -> 200"},{"ancestorTitles":["API-Contract Cart/Order/Voucher (mock controllers, no DB)"],"duration":4,"failureDetails":[],"failureMessages":[],"fullName":"API-Contract Cart/Order/Voucher (mock controllers, no DB) TC72: POST /api/vnpay_return invalid signature -> 4xx","invocations":1,"location":null,"numPassingAsserts":2,"retryReasons":[],"status":"passed","title":"TC72: POST /api/vnpay_return invalid signature -> 4xx"},{"ancestorTitles":["API-Contract Cart/Order/Voucher (mock controllers, no DB)"],"duration":6,"failureDetails":[],"failureMessages":[],"fullName":"API-Contract Cart/Order/Voucher (mock controllers, no DB) TC73/TC74: POST /api/webhook/ghn accepts webhook and is idempotent -> 200","invocations":1,"location":null,"numPassingAsserts":2,"retryReasons":[],"status":"passed","title":"TC73/TC74: POST /api/webhook/ghn accepts webhook and is idempotent -> 200"},{"ancestorTitles":["API-Contract Cart/Order/Voucher (mock controllers, no DB)"],"duration":3,"failureDetails":[],"failureMessages":[],"fullName":"API-Contract Cart/Order/Voucher (mock controllers, no DB) TC68: PUT /api/confirm-order (no token) -> 200","invocations":1,"location":null,"numPassingAsserts":1,"retryReasons":[],"status":"passed","title":"TC68: PUT /api/confirm-order (no token) -> 200"},{"ancestorTitles":["API-Contract Cart/Order/Voucher (mock controllers, no DB)"],"duration":4,"failureDetails":[],"failureMessages":[],"fullName":"API-Contract Cart/Order/Voucher (mock controllers, no DB) TC75: GET /api/get-voucher-store with token -> 200","invocations":1,"location":null,"numPassingAsserts":1,"retryReasons":[],"status":"passed","title":"TC75: GET /api/get-voucher-store with token -> 200"},{"ancestorTitles":["API-Contract Cart/Order/Voucher (mock controllers, no DB)"],"duration":8,"failureDetails":[],"failureMessages":[],"fullName":"API-Contract Cart/Order/Voucher (mock controllers, no DB) TC76: POST /api/claim-voucher with token -> 200","invocations":1,"location":null,"numPassingAsserts":1,"retryReasons":[],"status":"passed","title":"TC76: POST /api/claim-voucher with token -> 200"},{"ancestorTitles":["API-Contract Cart/Order/Voucher (mock controllers, no DB)"],"duration":4,"failureDetails":[],"failureMessages":[],"fullName":"API-Contract Cart/Order/Voucher (mock controllers, no DB) TC77: POST /api/claim-voucher already claimed -> 4xx","invocations":1,"location":null,"numPassingAsserts":2,"retryReasons":[],"status":"passed","title":"TC77: POST /api/claim-voucher already claimed -> 4xx"},{"ancestorTitles":["API-Contract Cart/Order/Voucher (mock controllers, no DB)"],"duration":4,"failureDetails":[],"failureMessages":[],"fullName":"API-Contract Cart/Order/Voucher (mock controllers, no DB) TC78: GET /api/get-voucher-wallet with token -> 200","invocations":1,"location":null,"numPassingAsserts":1,"retryReasons":[],"status":"passed","title":"TC78: GET /api/get-voucher-wallet with token -> 200"},{"ancestorTitles":["API-Contract Cart/Order/Voucher (mock controllers, no DB)"],"duration":6,"failureDetails":[],"failureMessages":[],"fullName":"API-Contract Cart/Order/Voucher (mock controllers, no DB) TC79: PUT /api/revoke-voucher with admin token -> 200","invocations":1,"location":null,"numPassingAsserts":1,"retryReasons":[],"status":"passed","title":"TC79: PUT /api/revoke-voucher with admin token -> 200"}],"endTime":1765795205181,"message":"","name":"D:\\Projects\\ktpm\\ecomAPI\\tests\\api\\cart-order-voucher.contract.test.js","startTime":1765795204701,"status":"focused","summary":""},{"assertionResults":[{"ancestorTitles":["API-Contract AuthZ roles (mock DB + mock controllers)"],"duration":9,"failureDetails":[],"failureMessages":[],"fullName":"API-Contract AuthZ roles (mock DB + mock controllers) TC38: GET /api/get-all-user with admin token -> 200","invocations":1,"location":null,"numPassingAsserts":1,"retryReasons":[],"status":"passed","title":"TC38: GET /api/get-all-user with admin token -> 200"},{"ancestorTitles":["API-Contract AuthZ roles (mock DB + mock controllers)"],"duration":4,"failureDetails":[],"failureMessages":[],"fullName":"API-Contract AuthZ roles (mock DB + mock controllers) TC39: GET /api/get-all-user with user token -> 404 (insufficient role)","invocations":1,"location":null,"numPassingAsserts":1,"retryReasons":[],"status":"passed","title":"TC39: GET /api/get-all-user with user token -> 404 (insufficient role)"},{"ancestorTitles":["API-Contract AuthZ roles (mock DB + mock controllers)"],"duration":4,"failureDetails":[],"failureMessages":[],"fullName":"API-Contract AuthZ roles (mock DB + mock controllers) TC89: GET /api/get-all-user with user token (security) -> 404/blocked","invocations":1,"location":null,"numPassingAsserts":1,"retryReasons":[],"status":"passed","title":"TC89: GET /api/get-all-user with user token (security) -> 404/blocked"},{"ancestorTitles":["API-Contract AuthZ roles (mock DB + mock controllers)"],"duration":10,"failureDetails":[],"failureMessages":[],"fullName":"API-Contract AuthZ roles (mock DB + mock controllers) TC45: POST /api/create-new-product with admin token -> 201","invocations":1,"location":null,"numPassingAsserts":1,"retryReasons":[],"status":"passed","title":"TC45: POST /api/create-new-product with admin token -> 201"},{"ancestorTitles":["API-Contract AuthZ roles (mock DB + mock controllers)"],"duration":4,"failureDetails":[],"failureMessages":[],"fullName":"API-Contract AuthZ roles (mock DB + mock controllers) TC46: POST /api/create-new-product with user token -> 404 (insufficient role)","invocations":1,"location":null,"numPassingAsserts":1,"retryReasons":[],"status":"passed","title":"TC46: POST /api/create-new-product with user token -> 404 (insufficient role)"},{"ancestorTitles":["API-Contract AuthZ roles (mock DB + mock controllers)"],"duration":5,"failureDetails":[],"failureMessages":[],"fullName":"API-Contract AuthZ roles (mock DB + mock controllers) TC47: PUT /api/update-product with admin token -> 200","invocations":1,"location":null,"numPassingAsserts":1,"retryReasons":[],"status":"passed","title":"TC47: PUT /api/update-product with admin token -> 200"},{"ancestorTitles":["API-Contract AuthZ roles (mock DB + mock controllers)"],"duration":6,"failureDetails":[],"failureMessages":[],"fullName":"API-Contract AuthZ roles (mock DB + mock controllers) TC48: POST /api/unactive-product with admin token -> 200","invocations":1,"location":null,"numPassingAsserts":1,"retryReasons":[],"status":"passed","title":"TC48: POST /api/unactive-product with admin token -> 200"},{"ancestorTitles":["API-Contract AuthZ roles (mock DB + mock controllers)"],"duration":5,"failureDetails":[],"failureMessages":[],"fullName":"API-Contract AuthZ roles (mock DB + mock controllers) TC49: POST /api/active-product with admin token -> 200","invocations":1,"location":null,"numPassingAsserts":1,"retryReasons":[],"status":"passed","title":"TC49: POST /api/active-product with admin token -> 200"},{"ancestorTitles":["API-Contract AuthZ roles (mock DB + mock controllers)"],"duration":5,"failureDetails":[],"failureMessages":[],"fullName":"API-Contract AuthZ roles (mock DB + mock controllers) TC50: GET /api/get-all-product-admin with admin token -> 200","invocations":1,"location":null,"numPassingAsserts":1,"retryReasons":[],"status":"passed","title":"TC50: GET /api/get-all-product-admin with admin token -> 200"},{"ancestorTitles":["API-Contract AuthZ roles (mock DB + mock controllers)"],"duration":4,"failureDetails":[],"failureMessages":[],"fullName":"API-Contract AuthZ roles (mock DB + mock controllers) TC80: POST /api/create-new-voucher with admin token -> 201","invocations":1,"location":null,"numPassingAsserts":1,"retryReasons":[],"status":"passed","title":"TC80: POST /api/create-new-voucher with admin token -> 201"},{"ancestorTitles":["API-Contract AuthZ roles (mock DB + mock controllers)"],"duration":4,"failureDetails":[],"failureMessages":[],"fullName":"API-Contract AuthZ roles (mock DB + mock controllers) TC81: PUT /api/update-voucher with admin token -> 200","invocations":1,"location":null,"numPassingAsserts":1,"retryReasons":[],"status":"passed","title":"TC81: PUT /api/update-voucher with admin token -> 200"},{"ancestorTitles":["API-Contract AuthZ roles (mock DB + mock controllers)"],"duration":3,"failureDetails":[],"failureMessages":[],"fullName":"API-Contract AuthZ roles (mock DB + mock controllers) TC82: POST /api/create-new-voucher with user token -> 404 (insufficient role)","invocations":1,"location":null,"numPassingAsserts":1,"retryReasons":[],"status":"passed","title":"TC82: POST /api/create-new-voucher with user token -> 404 (insufficient role)"}],"endTime":1765795205557,"message":"","name":"D:\\Projects\\ktpm\\ecomAPI\\tests\\api\\authz.roles.contract.test.js","startTime":1765795205200,"status":"passed","summary":""},{"assertionResults":[{"ancestorTitles":["Product Service - Discount Calculation"],"duration":1,"failureDetails":[],"failureMessages":[],"fullName":"Product Service - Discount Calculation Should calculate 20% discount correctly","invocations":1,"location":null,"numPassingAsserts":1,"retryReasons":[],"status":"passed","title":"Should calculate 20% discount correctly"},{"ancestorTitles":["Product Service - Discount Calculation"],"duration":0,"failureDetails":[],"failureMessages":[],"fullName":"Product Service - Discount Calculation Should calculate 50% discount correctly","invocations":1,"location":null,"numPassingAsserts":1,"retryReasons":[],"status":"passed","title":"Should calculate 50% discount correctly"},{"ancestorTitles":["Product Service - Discount Calculation"],"duration":11,"failureDetails":[],"failureMessages":[],"fullName":"Product Service - Discount Calculation Should throw error for invalid discount","invocations":1,"location":null,"numPassingAsserts":1,"retryReasons":[],"status":"passed","title":"Should throw error for invalid discount"},{"ancestorTitles":["Product Service - Discount Calculation"],"duration":0,"failureDetails":[],"failureMessages":[],"fullName":"Product Service - Discount Calculation Should handle 0% discount","invocations":1,"location":null,"numPassingAsserts":1,"retryReasons":[],"status":"passed","title":"Should handle 0% discount"},{"ancestorTitles":["Product Service - Filtering"],"duration":1,"failureDetails":[],"failureMessages":[],"fullName":"Product Service - Filtering Should filter products by price range","invocations":1,"location":null,"numPassingAsserts":3,"retryReasons":[],"status":"passed","title":"Should filter products by price range"},{"ancestorTitles":["Product Service - Filtering"],"duration":0,"failureDetails":[],"failureMessages":[],"fullName":"Product Service - Filtering Should filter products by category","invocations":1,"location":null,"numPassingAsserts":3,"retryReasons":[],"status":"passed","title":"Should filter products by category"},{"ancestorTitles":["Product Service - Pagination"],"duration":1,"failureDetails":[],"failureMessages":[],"fullName":"Product Service - Pagination Should paginate correctly - page 1","invocations":1,"location":null,"numPassingAsserts":4,"retryReasons":[],"status":"passed","title":"Should paginate correctly - page 1"},{"ancestorTitles":["Product Service - Pagination"],"duration":0,"failureDetails":[],"failureMessages":[],"fullName":"Product Service - Pagination Should paginate correctly - page 2","invocations":1,"location":null,"numPassingAsserts":3,"retryReasons":[],"status":"passed","title":"Should paginate correctly - page 2"},{"ancestorTitles":["Product Service - Pagination"],"duration":1,"failureDetails":[],"failureMessages":[],"fullName":"Product Service - Pagination Should handle last page with fewer items","invocations":1,"location":null,"numPassingAsserts":2,"retryReasons":[],"status":"passed","title":"Should handle last page with fewer items"},{"ancestorTitles":["Product Service - Search"],"duration":0,"failureDetails":[],"failureMessages":[],"fullName":"Product Service - Search Should search by product name","invocations":1,"location":null,"numPassingAsserts":2,"retryReasons":[],"status":"passed","title":"Should search by product name"},{"ancestorTitles":["Product Service - Search"],"duration":0,"failureDetails":[],"failureMessages":[],"fullName":"Product Service - Search Should search by description","invocations":1,"location":null,"numPassingAsserts":1,"retryReasons":[],"status":"passed","title":"Should search by description"},{"ancestorTitles":["Product Service - Search"],"duration":0,"failureDetails":[],"failureMessages":[],"fullName":"Product Service - Search Should return empty array when no match","invocations":1,"location":null,"numPassingAsserts":1,"retryReasons":[],"status":"passed","title":"Should return empty array when no match"}],"endTime":1765795205649,"message":"","name":"D:\\Projects\\ktpm\\ecomAPI\\tests\\unit\\productService.test.js","startTime":1765795205571,"status":"passed","summary":""},{"assertionResults":[{"ancestorTitles":["Order Service - Integration","Create Order"],"duration":1,"failureDetails":[],"failureMessages":[],"fullName":"Order Service - Integration Create Order Should create order successfully","invocations":1,"location":null,"numPassingAsserts":4,"retryReasons":[],"status":"passed","title":"Should create order successfully"},{"ancestorTitles":["Order Service - Integration","Create Order"],"duration":14,"failureDetails":[],"failureMessages":[],"fullName":"Order Service - Integration Create Order Should throw error for invalid order data","invocations":1,"location":null,"numPassingAsserts":3,"retryReasons":[],"status":"passed","title":"Should throw error for invalid order data"},{"ancestorTitles":["Order Service - Integration","Update Order Status"],"duration":0,"failureDetails":[],"failureMessages":[],"fullName":"Order Service - Integration Update Order Status Should update status to pending → processing","invocations":1,"location":null,"numPassingAsserts":1,"retryReasons":[],"status":"passed","title":"Should update status to pending → processing"},{"ancestorTitles":["Order Service - Integration","Update Order Status"],"duration":1,"failureDetails":[],"failureMessages":[],"fullName":"Order Service - Integration Update Order Status Should reject invalid status","invocations":1,"location":null,"numPassingAsserts":1,"retryReasons":[],"status":"passed","title":"Should reject invalid status"},{"ancestorTitles":["Order Service - Integration","Discount Calculation"],"duration":0,"failureDetails":[],"failureMessages":[],"fullName":"Order Service - Integration Discount Calculation Should apply 10% discount correctly","invocations":1,"location":null,"numPassingAsserts":1,"retryReasons":[],"status":"passed","title":"Should apply 10% discount correctly"},{"ancestorTitles":["Order Service - Integration","Discount Calculation"],"duration":0,"failureDetails":[],"failureMessages":[],"fullName":"Order Service - Integration Discount Calculation Should handle 0% discount","invocations":1,"location":null,"numPassingAsserts":1,"retryReasons":[],"status":"passed","title":"Should handle 0% discount"}],"endTime":1765795205740,"message":"","name":"D:\\Projects\\ktpm\\ecomAPI\\tests\\integration\\orderService.test.js","startTime":1765795205667,"status":"passed","summary":""},{"assertionResults":[{"ancestorTitles":["Order Utilities - Unit Tests","Order Data Validation"],"duration":1,"failureDetails":[],"failureMessages":[],"fullName":"Order Utilities - Unit Tests Order Data Validation Should validate correct order data","invocations":1,"location":null,"numPassingAsserts":1,"retryReasons":[],"status":"passed","title":"Should validate correct order data"},{"ancestorTitles":["Order Utilities - Unit Tests","Order Data Validation"],"duration":0,"failureDetails":[],"failureMessages":[],"fullName":"Order Utilities - Unit Tests Order Data Validation Should reject missing userId","invocations":1,"location":null,"numPassingAsserts":1,"retryReasons":[],"status":"passed","title":"Should reject missing userId"},{"ancestorTitles":["Order Utilities - Unit Tests","Order Data Validation"],"duration":0,"failureDetails":[],"failureMessages":[],"fullName":"Order Utilities - Unit Tests Order Data Validation Should reject empty items","invocations":1,"location":null,"numPassingAsserts":1,"retryReasons":[],"status":"passed","title":"Should reject empty items"},{"ancestorTitles":["Order Utilities - Unit Tests","Total Calculation"],"duration":0,"failureDetails":[],"failureMessages":[],"fullName":"Order Utilities - Unit Tests Total Calculation Should calculate total correctly","invocations":1,"location":null,"numPassingAsserts":1,"retryReasons":[],"status":"passed","title":"Should calculate total correctly"},{"ancestorTitles":["Order Utilities - Unit Tests","Total Calculation"],"duration":0,"failureDetails":[],"failureMessages":[],"fullName":"Order Utilities - Unit Tests Total Calculation Should handle single item","invocations":1,"location":null,"numPassingAsserts":1,"retryReasons":[],"status":"passed","title":"Should handle single item"},{"ancestorTitles":["Order Utilities - Unit Tests","Total Calculation"],"duration":0,"failureDetails":[],"failureMessages":[],"fullName":"Order Utilities - Unit Tests Total Calculation Should return 0 for empty items","invocations":1,"location":null,"numPassingAsserts":1,"retryReasons":[],"status":"passed","title":"Should return 0 for empty items"},{"ancestorTitles":["Order Utilities - Unit Tests","Discount Application"],"duration":0,"failureDetails":[],"failureMessages":[],"fullName":"Order Utilities - Unit Tests Discount Application Should apply 10% discount","invocations":1,"location":null,"numPassingAsserts":1,"retryReasons":[],"status":"passed","title":"Should apply 10% discount"},{"ancestorTitles":["Order Utilities - Unit Tests","Discount Application"],"duration":1,"failureDetails":[],"failureMessages":[],"fullName":"Order Utilities - Unit Tests Discount Application Should apply 50% discount","invocations":1,"location":null,"numPassingAsserts":1,"retryReasons":[],"status":"passed","title":"Should apply 50% discount"},{"ancestorTitles":["Order Utilities - Unit Tests","Discount Application"],"duration":0,"failureDetails":[],"failureMessages":[],"fullName":"Order Utilities - Unit Tests Discount Application Should handle 0% discount","invocations":1,"location":null,"numPassingAsserts":1,"retryReasons":[],"status":"passed","title":"Should handle 0% discount"},{"ancestorTitles":["Order Utilities - Unit Tests","Discount Application"],"duration":6,"failureDetails":[],"failureMessages":[],"fullName":"Order Utilities - Unit Tests Discount Application Should reject invalid discount percent","invocations":1,"location":null,"numPassingAsserts":1,"retryReasons":[],"status":"passed","title":"Should reject invalid discount percent"},{"ancestorTitles":["Order Utilities - Unit Tests","Order Status Validation"],"duration":3,"failureDetails":[],"failureMessages":[],"fullName":"Order Utilities - Unit Tests Order Status Validation Should accept valid status","invocations":1,"location":null,"numPassingAsserts":5,"retryReasons":[],"status":"passed","title":"Should accept valid status"},{"ancestorTitles":["Order Utilities - Unit Tests","Order Status Validation"],"duration":1,"failureDetails":[],"failureMessages":[],"fullName":"Order Utilities - Unit Tests Order Status Validation Should reject invalid status","invocations":1,"location":null,"numPassingAsserts":2,"retryReasons":[],"status":"passed","title":"Should reject invalid status"}],"endTime":1765795205825,"message":"","name":"D:\\Projects\\ktpm\\ecomAPI\\tests\\unit\\orderService.test.js","startTime":1765795205753,"status":"passed","summary":""}],"wasInterrupted":false,"coverageMap":{"D:\\Projects\\ktpm\\ecomAPI\\src\\utils\\authUtils.js":{"path":"D:\\Projects\\ktpm\\ecomAPI\\src\\utils\\authUtils.js","statementMap":{"0":{"start":{"line":5,"column":15},"end":{"line":5,"column":34}},"1":{"start":{"line":7,"column":18},"end":{"line":25,"column":1}},"2":{"start":{"line":9,"column":17},"end":{"line":9,"column":41}},"3":{"start":{"line":10,"column":4},"end":{"line":10,"column":39}},"4":{"start":{"line":14,"column":4},"end":{"line":14,"column":57}},"5":{"start":{"line":18,"column":23},"end":{"line":18,"column":51}},"6":{"start":{"line":19,"column":4},"end":{"line":19,"column":34}},"7":{"start":{"line":23,"column":4},"end":{"line":23,"column":59}},"8":{"start":{"line":27,"column":0},"end":{"line":27,"column":27}}},"fnMap":{"0":{"name":"(anonymous_0)","decl":{"start":{"line":8,"column":16},"end":{"line":8,"column":17}},"loc":{"start":{"line":8,"column":36},"end":{"line":11,"column":3}},"line":8},"1":{"name":"(anonymous_1)","decl":{"start":{"line":13,"column":19},"end":{"line":13,"column":20}},"loc":{"start":{"line":13,"column":60},"end":{"line":15,"column":3}},"line":13},"2":{"name":"(anonymous_2)","decl":{"start":{"line":17,"column":17},"end":{"line":17,"column":18}},"loc":{"start":{"line":17,"column":28},"end":{"line":20,"column":3}},"line":17},"3":{"name":"(anonymous_3)","decl":{"start":{"line":22,"column":20},"end":{"line":22,"column":21}},"loc":{"start":{"line":22,"column":34},"end":{"line":24,"column":3}},"line":22}},"branchMap":{"0":{"loc":{"start":{"line":23,"column":11},"end":{"line":23,"column":58}},"type":"cond-expr","locations":[{"start":{"line":23,"column":46},"end":{"line":23,"column":50}},{"start":{"line":23,"column":53},"end":{"line":23,"column":58}}],"line":23},"1":{"loc":{"start":{"line":23,"column":11},"end":{"line":23,"column":43}},"type":"binary-expr","locations":[{"start":{"line":23,"column":11},"end":{"line":23,"column":19}},{"start":{"line":23,"column":23},"end":{"line":23,"column":43}}],"line":23}},"s":{"0":1,"1":1,"2":3,"3":3,"4":2,"5":7,"6":7,"7":8,"8":1},"f":{"0":3,"1":2,"2":7,"3":8},"b":{"0":[3,5],"1":[8,5]},"_coverageSchema":"1a1c01bbd47fc00a2c39e90264f33305004495a9","hash":"117cf3d4adbcf0306a4bbc1003d5309acbc84ea7"},"D:\\Projects\\ktpm\\ecomAPI\\src\\utils\\productUtils.js":{"path":"D:\\Projects\\ktpm\\ecomAPI\\src\\utils\\productUtils.js","statementMap":{"0":{"start":{"line":5,"column":21},"end":{"line":41,"column":1}},"1":{"start":{"line":7,"column":4},"end":{"line":9,"column":5}},"2":{"start":{"line":8,"column":6},"end":{"line":8,"column":53}},"3":{"start":{"line":10,"column":4},"end":{"line":10,"column":55}},"4":{"start":{"line":14,"column":4},"end":{"line":14,"column":78}},"5":{"start":{"line":14,"column":34},"end":{"line":14,"column":76}},"6":{"start":{"line":18,"column":4},"end":{"line":18,"column":63}},"7":{"start":{"line":18,"column":34},"end":{"line":18,"column":61}},"8":{"start":{"line":22,"column":18},"end":{"line":22,"column":36}},"9":{"start":{"line":23,"column":16},"end":{"line":23,"column":29}},"10":{"start":{"line":24,"column":4},"end":{"line":30,"column":6}},"11":{"start":{"line":34,"column":25},"end":{"line":34,"column":46}},"12":{"start":{"line":35,"column":4},"end":{"line":39,"column":6}},"13":{"start":{"line":37,"column":8},"end":{"line":38,"column":58}},"14":{"start":{"line":43,"column":0},"end":{"line":43,"column":30}}},"fnMap":{"0":{"name":"(anonymous_0)","decl":{"start":{"line":6,"column":28},"end":{"line":6,"column":29}},"loc":{"start":{"line":6,"column":64},"end":{"line":11,"column":3}},"line":6},"1":{"name":"(anonymous_1)","decl":{"start":{"line":13,"column":17},"end":{"line":13,"column":18}},"loc":{"start":{"line":13,"column":51},"end":{"line":15,"column":3}},"line":13},"2":{"name":"(anonymous_2)","decl":{"start":{"line":14,"column":27},"end":{"line":14,"column":28}},"loc":{"start":{"line":14,"column":34},"end":{"line":14,"column":76}},"line":14},"3":{"name":"(anonymous_3)","decl":{"start":{"line":17,"column":20},"end":{"line":17,"column":21}},"loc":{"start":{"line":17,"column":46},"end":{"line":19,"column":3}},"line":17},"4":{"name":"(anonymous_4)","decl":{"start":{"line":18,"column":27},"end":{"line":18,"column":28}},"loc":{"start":{"line":18,"column":34},"end":{"line":18,"column":61}},"line":18},"5":{"name":"(anonymous_5)","decl":{"start":{"line":21,"column":20},"end":{"line":21,"column":21}},"loc":{"start":{"line":21,"column":47},"end":{"line":31,"column":3}},"line":21},"6":{"name":"(anonymous_6)","decl":{"start":{"line":33,"column":18},"end":{"line":33,"column":19}},"loc":{"start":{"line":33,"column":41},"end":{"line":40,"column":3}},"line":33},"7":{"name":"(anonymous_7)","decl":{"start":{"line":36,"column":6},"end":{"line":36,"column":7}},"loc":{"start":{"line":37,"column":8},"end":{"line":38,"column":58}},"line":37}},"branchMap":{"0":{"loc":{"start":{"line":7,"column":4},"end":{"line":9,"column":5}},"type":"if","locations":[{"start":{"line":7,"column":4},"end":{"line":9,"column":5}},{"start":{},"end":{}}],"line":7},"1":{"loc":{"start":{"line":7,"column":8},"end":{"line":7,"column":52}},"type":"binary-expr","locations":[{"start":{"line":7,"column":8},"end":{"line":7,"column":27}},{"start":{"line":7,"column":31},"end":{"line":7,"column":52}}],"line":7},"2":{"loc":{"start":{"line":14,"column":34},"end":{"line":14,"column":76}},"type":"binary-expr","locations":[{"start":{"line":14,"column":34},"end":{"line":14,"column":53}},{"start":{"line":14,"column":57},"end":{"line":14,"column":76}}],"line":14},"3":{"loc":{"start":{"line":37,"column":8},"end":{"line":38,"column":58}},"type":"binary-expr","locations":[{"start":{"line":37,"column":8},"end":{"line":37,"column":51}},{"start":{"line":38,"column":8},"end":{"line":38,"column":58}}],"line":37}},"s":{"0":1,"1":4,"2":1,"3":3,"4":1,"5":4,"6":1,"7":4,"8":3,"9":3,"10":3,"11":3,"12":3,"13":9,"14":1},"f":{"0":4,"1":1,"2":4,"3":1,"4":4,"5":3,"6":3,"7":9},"b":{"0":[1,3],"1":[4,4],"2":[4,4],"3":[9,7]},"_coverageSchema":"1a1c01bbd47fc00a2c39e90264f33305004495a9","hash":"2fc14d250483b31ed896a5b8f86590cbff7fad41"},"D:\\Projects\\ktpm\\ecomAPI\\src\\utils\\orderUtils.js":{"path":"D:\\Projects\\ktpm\\ecomAPI\\src\\utils\\orderUtils.js","statementMap":{"0":{"start":{"line":5,"column":19},"end":{"line":34,"column":1}},"1":{"start":{"line":7,"column":4},"end":{"line":9,"column":5}},"2":{"start":{"line":8,"column":6},"end":{"line":8,"column":64}},"3":{"start":{"line":10,"column":4},"end":{"line":10,"column":27}},"4":{"start":{"line":14,"column":4},"end":{"line":14,"column":76}},"5":{"start":{"line":14,"column":39},"end":{"line":14,"column":71}},"6":{"start":{"line":18,"column":4},"end":{"line":20,"column":5}},"7":{"start":{"line":19,"column":6},"end":{"line":19,"column":42}},"8":{"start":{"line":21,"column":4},"end":{"line":21,"column":47}},"9":{"start":{"line":25,"column":26},"end":{"line":31,"column":5}},"10":{"start":{"line":32,"column":4},"end":{"line":32,"column":42}},"11":{"start":{"line":36,"column":0},"end":{"line":36,"column":28}}},"fnMap":{"0":{"name":"(anonymous_0)","decl":{"start":{"line":6,"column":21},"end":{"line":6,"column":22}},"loc":{"start":{"line":6,"column":31},"end":{"line":11,"column":3}},"line":6},"1":{"name":"(anonymous_1)","decl":{"start":{"line":13,"column":18},"end":{"line":13,"column":19}},"loc":{"start":{"line":13,"column":29},"end":{"line":15,"column":3}},"line":13},"2":{"name":"(anonymous_2)","decl":{"start":{"line":14,"column":24},"end":{"line":14,"column":25}},"loc":{"start":{"line":14,"column":39},"end":{"line":14,"column":71}},"line":14},"3":{"name":"(anonymous_3)","decl":{"start":{"line":17,"column":17},"end":{"line":17,"column":18}},"loc":{"start":{"line":17,"column":45},"end":{"line":22,"column":3}},"line":17},"4":{"name":"(anonymous_4)","decl":{"start":{"line":24,"column":23},"end":{"line":24,"column":24}},"loc":{"start":{"line":24,"column":35},"end":{"line":33,"column":3}},"line":24}},"branchMap":{"0":{"loc":{"start":{"line":7,"column":4},"end":{"line":9,"column":5}},"type":"if","locations":[{"start":{"line":7,"column":4},"end":{"line":9,"column":5}},{"start":{},"end":{}}],"line":7},"1":{"loc":{"start":{"line":7,"column":8},"end":{"line":7,"column":62}},"type":"binary-expr","locations":[{"start":{"line":7,"column":8},"end":{"line":7,"column":20}},{"start":{"line":7,"column":24},"end":{"line":7,"column":35}},{"start":{"line":7,"column":39},"end":{"line":7,"column":62}}],"line":7},"2":{"loc":{"start":{"line":18,"column":4},"end":{"line":20,"column":5}},"type":"if","locations":[{"start":{"line":18,"column":4},"end":{"line":20,"column":5}},{"start":{},"end":{}}],"line":18},"3":{"loc":{"start":{"line":18,"column":8},"end":{"line":18,"column":52}},"type":"binary-expr","locations":[{"start":{"line":18,"column":8},"end":{"line":18,"column":27}},{"start":{"line":18,"column":31},"end":{"line":18,"column":52}}],"line":18}},"s":{"0":1,"1":3,"2":2,"3":1,"4":3,"5":3,"6":4,"7":1,"8":3,"9":7,"10":7,"11":1},"f":{"0":3,"1":3,"2":3,"3":4,"4":7},"b":{"0":[2,1],"1":[3,2,2],"2":[1,3],"3":[4,4]},"_coverageSchema":"1a1c01bbd47fc00a2c39e90264f33305004495a9","hash":"ff4712f151465b502614ef4bdeb6b0d74bf382e6"}}}
